2022-03-12 13:51:36.418  INFO 1892 --- [main] b.c.PropertySourceBootstrapConfiguration : Located property source: CompositePropertySource {name='NACOS', propertySources=[NacosPropertySource {name='organization.yml'}]}
2022-03-12 13:51:36.709  INFO 1892 --- [main] c.s.o.OrganizationApplication            : No active profile set, falling back to default profiles: default
2022-03-12 13:51:42.315  WARN 1892 --- [main] o.s.boot.actuate.endpoint.EndpointId     : Endpoint ID 'nacos-config' contains invalid characters, please migrate to a valid format.
2022-03-12 13:51:42.462  WARN 1892 --- [main] o.s.boot.actuate.endpoint.EndpointId     : Endpoint ID 'nacos-discovery' contains invalid characters, please migrate to a valid format.
2022-03-12 13:51:43.360  INFO 1892 --- [main] .s.d.r.c.RepositoryConfigurationDelegate : Multiple Spring Data modules found, entering strict repository configuration mode!
2022-03-12 13:51:43.372  INFO 1892 --- [main] .s.d.r.c.RepositoryConfigurationDelegate : Bootstrapping Spring Data repositories in DEFAULT mode.
2022-03-12 13:51:43.459  INFO 1892 --- [main] .s.d.r.c.RepositoryConfigurationDelegate : Finished Spring Data repository scanning in 40ms. Found 0 repository interfaces.
2022-03-12 13:51:43.703  WARN 1892 --- [main] o.s.boot.actuate.endpoint.EndpointId     : Endpoint ID 'service-registry' contains invalid characters, please migrate to a valid format.
2022-03-12 13:51:44.244  INFO 1892 --- [main] o.s.cloud.context.scope.GenericScope     : BeanFactory id=af00b58d-0586-3762-9e0a-05ee30f7a85b
2022-03-12 13:51:44.506  INFO 1892 --- [main] trationDelegate$BeanPostProcessorChecker : Bean 'myRedisConfig' of type [com.swp.organization.config.MyRedisConfig$$EnhancerBySpringCGLIB$$be9bcae7] is not eligible for getting processed by all BeanPostProcessors (for example: not eligible for auto-proxying)
2022-03-12 13:51:44.507  INFO 1892 --- [main] trationDelegate$BeanPostProcessorChecker : Bean 'com.alicp.jetcache.anno.config.JetCacheProxyConfiguration' of type [com.alicp.jetcache.anno.config.JetCacheProxyConfiguration$$EnhancerBySpringCGLIB$$428e27a8] is not eligible for getting processed by all BeanPostProcessors (for example: not eligible for auto-proxying)
2022-03-12 13:51:44.518  INFO 1892 --- [main] trationDelegate$BeanPostProcessorChecker : Bean 'org.springframework.transaction.annotation.ProxyTransactionManagementConfiguration' of type [org.springframework.transaction.annotation.ProxyTransactionManagementConfiguration$$EnhancerBySpringCGLIB$$36266491] is not eligible for getting processed by all BeanPostProcessors (for example: not eligible for auto-proxying)
2022-03-12 13:51:44.582  INFO 1892 --- [main] trationDelegate$BeanPostProcessorChecker : Bean 'com.alicp.jetcache.anno.config.CommonConfiguration' of type [com.alicp.jetcache.anno.config.CommonConfiguration$$EnhancerBySpringCGLIB$$c1946d20] is not eligible for getting processed by all BeanPostProcessors (for example: not eligible for auto-proxying)
2022-03-12 13:51:44.690  INFO 1892 --- [main] trationDelegate$BeanPostProcessorChecker : Bean 'org.springframework.cloud.autoconfigure.ConfigurationPropertiesRebinderAutoConfiguration' of type [org.springframework.cloud.autoconfigure.ConfigurationPropertiesRebinderAutoConfiguration$$EnhancerBySpringCGLIB$$5240678e] is not eligible for getting processed by all BeanPostProcessors (for example: not eligible for auto-proxying)
2022-03-12 13:51:45.240  INFO 1892 --- [main] o.s.b.w.embedded.tomcat.TomcatWebServer  : Tomcat initialized with port(s): 9001 (http)
2022-03-12 13:51:45.306  INFO 1892 --- [main] o.apache.catalina.core.StandardService   : Starting service [Tomcat]
2022-03-12 13:51:45.306  INFO 1892 --- [main] org.apache.catalina.core.StandardEngine  : Starting Servlet engine: [Apache Tomcat/9.0.27]
2022-03-12 13:51:46.159  INFO 1892 --- [main] o.a.c.c.C.[Tomcat].[localhost].[/]       : Initializing Spring embedded WebApplicationContext
2022-03-12 13:51:46.160  INFO 1892 --- [main] o.s.web.context.ContextLoader            : Root WebApplicationContext: initialization completed in 9204 ms
2022-03-12 13:51:47.378  INFO 1892 --- [main] c.a.d.s.b.a.DruidDataSourceAutoConfigure : Init DruidDataSource
2022-03-12 13:51:47.719  INFO 1892 --- [main] com.alibaba.druid.pool.DruidDataSource   : {dataSource-1} inited
2022-03-12 13:51:48.020  INFO 1892 --- [main] com.alibaba.nacos.client.naming          : initializer namespace from System Property :null
2022-03-12 13:51:48.020  INFO 1892 --- [main] com.alibaba.nacos.client.naming          : initializer namespace from System Environment :null
2022-03-12 13:51:48.021  INFO 1892 --- [main] com.alibaba.nacos.client.naming          : initializer namespace from System Property :null
2022-03-12 13:51:50.912  INFO 1892 --- [main] o.s.b.a.e.web.EndpointLinksResolver      : Exposing 22 endpoint(s) beneath base path '/actuator'
2022-03-12 13:51:51.159  INFO 1892 --- [main] pertySourcedRequestMappingHandlerMapping : Mapped URL path [/v2/api-docs] onto method [public org.springframework.http.ResponseEntity<springfox.documentation.spring.web.json.Json> springfox.documentation.swagger2.web.Swagger2Controller.getDocumentation(java.lang.String,javax.servlet.http.HttpServletRequest)]
2022-03-12 13:51:51.237  WARN 1892 --- [main] c.n.c.sources.URLConfigurationSource     : No URLs will be polled as dynamic configuration sources.
2022-03-12 13:51:51.238  INFO 1892 --- [main] c.n.c.sources.URLConfigurationSource     : To enable URLs as dynamic configuration sources, define System property archaius.configurationSource.additionalUrls or make config.properties available on classpath.
2022-03-12 13:51:51.262  WARN 1892 --- [main] c.n.c.sources.URLConfigurationSource     : No URLs will be polled as dynamic configuration sources.
2022-03-12 13:51:51.262  INFO 1892 --- [main] c.n.c.sources.URLConfigurationSource     : To enable URLs as dynamic configuration sources, define System property archaius.configurationSource.additionalUrls or make config.properties available on classpath.
2022-03-12 13:51:51.682  INFO 1892 --- [main] o.s.s.concurrent.ThreadPoolTaskExecutor  : Initializing ExecutorService 'applicationTaskExecutor'
2022-03-12 13:51:52.034  INFO 1892 --- [main] o.s.s.c.ThreadPoolTaskScheduler          : Initializing ExecutorService
2022-03-12 13:51:52.100  INFO 1892 --- [main] c.a.j.a.AbstractCacheAutoInit            : init cache area default , type= redis
2022-03-12 13:51:52.201  INFO 1892 --- [main] c.a.j.a.AbstractCacheAutoInit            : init cache area longTime , type= redis
2022-03-12 13:51:52.206  INFO 1892 --- [main] c.a.j.a.AbstractCacheAutoInit            : init cache area shortTime , type= redis
2022-03-12 13:51:52.211  INFO 1892 --- [main] c.a.j.a.AbstractCacheAutoInit            : init cache area default , type= caffeine
2022-03-12 13:51:52.214  INFO 1892 --- [main] c.a.j.a.AbstractCacheAutoInit            : init cache area longTime , type= caffeine
2022-03-12 13:51:52.214  INFO 1892 --- [main] c.a.j.a.AbstractCacheAutoInit            : init cache area shortTime , type= caffeine
2022-03-12 13:51:52.255  INFO 1892 --- [main] c.a.j.s.DefaultCacheMonitorManager       : cache stat period at 15 MINUTES
2022-03-12 13:51:53.215  INFO 1892 --- [main] d.s.w.p.DocumentationPluginsBootstrapper : Context refreshed
2022-03-12 13:51:53.282  INFO 1892 --- [main] d.s.w.p.DocumentationPluginsBootstrapper : Found 1 custom documentation plugin(s)
2022-03-12 13:51:53.370  INFO 1892 --- [main] s.d.s.w.s.ApiListingReferenceScanner     : Scanning for api listing references
2022-03-12 13:51:53.997  INFO 1892 --- [main] .d.s.w.r.o.CachingOperationNameGenerator : Generating unique operation named: addUsingPOST_1
2022-03-12 13:51:53.999  INFO 1892 --- [main] .d.s.w.r.o.CachingOperationNameGenerator : Generating unique operation named: deleteUsingDELETE_1
2022-03-12 13:51:54.002  INFO 1892 --- [main] .d.s.w.r.o.CachingOperationNameGenerator : Generating unique operation named: getUsingGET_1
2022-03-12 13:51:54.004  WARN 1892 --- [main] s.d.s.w.r.p.ParameterDataTypeReader      : Trying to infer dataType java.util.List<java.lang.Long>
2022-03-12 13:51:54.006  INFO 1892 --- [main] .d.s.w.r.o.CachingOperationNameGenerator : Generating unique operation named: getAllUsingGET_1
2022-03-12 13:51:54.019  INFO 1892 --- [main] .d.s.w.r.o.CachingOperationNameGenerator : Generating unique operation named: queryUsingPOST_1
2022-03-12 13:51:54.024  INFO 1892 --- [main] .d.s.w.r.o.CachingOperationNameGenerator : Generating unique operation named: updateUsingPUT_1
2022-03-12 13:51:54.031  INFO 1892 --- [main] .d.s.w.r.o.CachingOperationNameGenerator : Generating unique operation named: addUsingPOST_2
2022-03-12 13:51:54.033  INFO 1892 --- [main] .d.s.w.r.o.CachingOperationNameGenerator : Generating unique operation named: deleteUsingDELETE_2
2022-03-12 13:51:54.036  INFO 1892 --- [main] .d.s.w.r.o.CachingOperationNameGenerator : Generating unique operation named: getUsingGET_2
2022-03-12 13:51:54.046  INFO 1892 --- [main] .d.s.w.r.o.CachingOperationNameGenerator : Generating unique operation named: queryUsingPOST_2
2022-03-12 13:51:54.051  INFO 1892 --- [main] .d.s.w.r.o.CachingOperationNameGenerator : Generating unique operation named: updateUsingPUT_2
2022-03-12 13:51:54.058  INFO 1892 --- [main] .d.s.w.r.o.CachingOperationNameGenerator : Generating unique operation named: addUsingPOST_3
2022-03-12 13:51:54.060  INFO 1892 --- [main] .d.s.w.r.o.CachingOperationNameGenerator : Generating unique operation named: deleteUsingDELETE_3
2022-03-12 13:51:54.061  INFO 1892 --- [main] .d.s.w.r.o.CachingOperationNameGenerator : Generating unique operation named: getUsingGET_3
2022-03-12 13:51:54.063  INFO 1892 --- [main] .d.s.w.r.o.CachingOperationNameGenerator : Generating unique operation named: getUsingGET_4
2022-03-12 13:51:54.078  INFO 1892 --- [main] .d.s.w.r.o.CachingOperationNameGenerator : Generating unique operation named: updateUsingPUT_3
2022-03-12 13:51:54.084  INFO 1892 --- [main] .d.s.w.r.o.CachingOperationNameGenerator : Generating unique operation named: addUsingPOST_4
2022-03-12 13:51:54.086  INFO 1892 --- [main] .d.s.w.r.o.CachingOperationNameGenerator : Generating unique operation named: deleteUsingDELETE_4
2022-03-12 13:51:54.088  INFO 1892 --- [main] .d.s.w.r.o.CachingOperationNameGenerator : Generating unique operation named: getUsingGET_5
2022-03-12 13:51:54.114  INFO 1892 --- [main] .d.s.w.r.o.CachingOperationNameGenerator : Generating unique operation named: getUsingGET_6
2022-03-12 13:51:54.130  INFO 1892 --- [main] .d.s.w.r.o.CachingOperationNameGenerator : Generating unique operation named: searchUsingPOST_1
2022-03-12 13:51:54.134  INFO 1892 --- [main] .d.s.w.r.o.CachingOperationNameGenerator : Generating unique operation named: updateUsingPUT_4
2022-03-12 13:51:54.160  INFO 1892 --- [main] .d.s.w.r.o.CachingOperationNameGenerator : Generating unique operation named: addUsingPOST_5
2022-03-12 13:51:54.161  INFO 1892 --- [main] .d.s.w.r.o.CachingOperationNameGenerator : Generating unique operation named: deleteUsingDELETE_5
2022-03-12 13:51:54.166  INFO 1892 --- [main] .d.s.w.r.o.CachingOperationNameGenerator : Generating unique operation named: getUsingGET_7
2022-03-12 13:51:54.182  INFO 1892 --- [main] .d.s.w.r.o.CachingOperationNameGenerator : Generating unique operation named: searchUsingPOST_2
2022-03-12 13:51:54.187  INFO 1892 --- [main] .d.s.w.r.o.CachingOperationNameGenerator : Generating unique operation named: updateUsingPUT_5
2022-03-12 13:51:54.363  INFO 1892 --- [main] o.s.b.w.embedded.tomcat.TomcatWebServer  : Tomcat started on port(s): 9001 (http) with context path ''
2022-03-12 13:51:54.385  INFO 1892 --- [main] com.alibaba.nacos.client.naming          : [BEAT] adding beat: {"cluster":"DEFAULT","ip":"192.168.11.25","metadata":{"preserved.register.source":"SPRING_CLOUD"},"period":5000,"port":9001,"scheduled":false,"serviceName":"DEFAULT_GROUP@@organization","stopped":false,"weight":1.0} to beat map.
2022-03-12 13:51:54.529  INFO 1892 --- [main] com.alibaba.nacos.client.naming          : [REGISTER-SERVICE] public registering service DEFAULT_GROUP@@organization with instance: {"clusterName":"DEFAULT","enabled":true,"ephemeral":true,"healthy":true,"instanceHeartBeatInterval":5000,"instanceHeartBeatTimeOut":15000,"ip":"192.168.11.25","ipDeleteTimeout":30000,"metadata":{"preserved.register.source":"SPRING_CLOUD"},"port":9001,"weight":1.0}
2022-03-12 13:51:54.950  INFO 1892 --- [main] c.a.c.n.registry.NacosServiceRegistry    : nacos registry, organization 192.168.11.25:9001 register finished
2022-03-12 13:51:54.956  INFO 1892 --- [main] c.s.o.OrganizationApplication            : Started OrganizationApplication in 23.73 seconds (JVM running for 32.868)
2022-03-12 13:51:54.991  INFO 1892 --- [main] c.a.n.client.config.impl.ClientWorker    : [fixed-127.0.0.1_8848] [subscribe] organization.yml+DEFAULT_GROUP
2022-03-12 13:51:54.992  INFO 1892 --- [main] c.a.nacos.client.config.impl.CacheData   : [fixed-127.0.0.1_8848] [add-listener] ok, tenant=, dataId=organization.yml, group=DEFAULT_GROUP, cnt=1
2022-03-12 13:51:55.642  INFO 1892 --- [RMI TCP Connection(4)-127.0.0.1] o.a.c.c.C.[Tomcat].[localhost].[/]       : Initializing Spring DispatcherServlet 'dispatcherServlet'
2022-03-12 13:51:55.643  INFO 1892 --- [RMI TCP Connection(4)-127.0.0.1] o.s.web.servlet.DispatcherServlet        : Initializing Servlet 'dispatcherServlet'
2022-03-12 13:51:55.700  INFO 1892 --- [RMI TCP Connection(4)-127.0.0.1] o.s.web.servlet.DispatcherServlet        : Completed initialization in 57 ms
2022-03-12 13:51:56.988  INFO 1892 --- [parallel-1] io.lettuce.core.EpollProvider            : Starting without optional epoll library
2022-03-12 13:51:57.003  INFO 1892 --- [parallel-1] io.lettuce.core.KqueueProvider           : Starting without optional kqueue library
2022-03-12 13:52:00.646  INFO 1892 --- [Thread-58] c.a.j.s.DefaultCacheMonitorManager       : cache stat canceled
2022-03-12 13:52:00.647  INFO 1892 --- [Thread-58] c.a.c.n.registry.NacosServiceRegistry    : De-registering from Nacos Server now...
2022-03-12 13:52:00.648  INFO 1892 --- [Thread-58] com.alibaba.nacos.client.naming          : [BEAT] removing beat: DEFAULT_GROUP@@organization:192.168.11.25:9001 from beat map.
2022-03-12 13:52:00.648  INFO 1892 --- [Thread-58] com.alibaba.nacos.client.naming          : [DEREGISTER-SERVICE] public deregistering service DEFAULT_GROUP@@organization with instance: {"clusterName":"DEFAULT","enabled":true,"ephemeral":true,"healthy":true,"instanceHeartBeatInterval":5000,"instanceHeartBeatTimeOut":15000,"ip":"192.168.11.25","ipDeleteTimeout":30000,"metadata":{},"port":9001,"weight":1.0}
2022-03-12 13:52:00.655  INFO 1892 --- [Thread-58] c.a.c.n.registry.NacosServiceRegistry    : De-registration finished.
2022-03-12 13:52:00.659  INFO 1892 --- [Thread-58] o.s.s.concurrent.ThreadPoolTaskExecutor  : Shutting down ExecutorService 'applicationTaskExecutor'
2022-03-12 13:52:00.725  INFO 1892 --- [Thread-58] com.alibaba.druid.pool.DruidDataSource   : {dataSource-1} closed
2022-03-12 14:06:51.062  INFO 1934 --- [main] b.c.PropertySourceBootstrapConfiguration : Located property source: CompositePropertySource {name='NACOS', propertySources=[NacosPropertySource {name='gateway-admin.yml'}]}
2022-03-12 14:06:51.199  INFO 1934 --- [main] c.s.gateway.GatewayAdminApplication      : No active profile set, falling back to default profiles: default
2022-03-12 14:06:54.694  WARN 1934 --- [main] o.s.boot.actuate.endpoint.EndpointId     : Endpoint ID 'nacos-config' contains invalid characters, please migrate to a valid format.
2022-03-12 14:06:54.716  WARN 1934 --- [main] o.s.boot.actuate.endpoint.EndpointId     : Endpoint ID 'nacos-discovery' contains invalid characters, please migrate to a valid format.
2022-03-12 14:06:55.447  INFO 1934 --- [main] .s.d.r.c.RepositoryConfigurationDelegate : Multiple Spring Data modules found, entering strict repository configuration mode!
2022-03-12 14:06:55.460  INFO 1934 --- [main] .s.d.r.c.RepositoryConfigurationDelegate : Bootstrapping Spring Data repositories in DEFAULT mode.
2022-03-12 14:06:55.534  INFO 1934 --- [main] .s.d.r.c.RepositoryConfigurationDelegate : Finished Spring Data repository scanning in 27ms. Found 0 repository interfaces.
2022-03-12 14:06:55.813  WARN 1934 --- [main] o.s.boot.actuate.endpoint.EndpointId     : Endpoint ID 'service-registry' contains invalid characters, please migrate to a valid format.
2022-03-12 14:06:56.361  INFO 1934 --- [main] o.s.cloud.context.scope.GenericScope     : BeanFactory id=7313e584-8362-34e5-bce2-90a9c21d82bf
2022-03-12 14:06:56.489  INFO 1934 --- [main] trationDelegate$BeanPostProcessorChecker : Bean 'com.alicp.jetcache.anno.config.JetCacheProxyConfiguration' of type [com.alicp.jetcache.anno.config.JetCacheProxyConfiguration$$EnhancerBySpringCGLIB$$7e45b4e2] is not eligible for getting processed by all BeanPostProcessors (for example: not eligible for auto-proxying)
2022-03-12 14:06:56.506  INFO 1934 --- [main] trationDelegate$BeanPostProcessorChecker : Bean 'org.springframework.transaction.annotation.ProxyTransactionManagementConfiguration' of type [org.springframework.transaction.annotation.ProxyTransactionManagementConfiguration$$EnhancerBySpringCGLIB$$71ddf1cb] is not eligible for getting processed by all BeanPostProcessors (for example: not eligible for auto-proxying)
2022-03-12 14:06:56.553  INFO 1934 --- [main] trationDelegate$BeanPostProcessorChecker : Bean 'com.alicp.jetcache.anno.config.CommonConfiguration' of type [com.alicp.jetcache.anno.config.CommonConfiguration$$EnhancerBySpringCGLIB$$fd4bfa5a] is not eligible for getting processed by all BeanPostProcessors (for example: not eligible for auto-proxying)
2022-03-12 14:06:56.624  INFO 1934 --- [main] trationDelegate$BeanPostProcessorChecker : Bean 'org.springframework.cloud.autoconfigure.ConfigurationPropertiesRebinderAutoConfiguration' of type [org.springframework.cloud.autoconfigure.ConfigurationPropertiesRebinderAutoConfiguration$$EnhancerBySpringCGLIB$$8df7f4c8] is not eligible for getting processed by all BeanPostProcessors (for example: not eligible for auto-proxying)
2022-03-12 14:06:57.350  INFO 1934 --- [main] o.s.b.w.embedded.tomcat.TomcatWebServer  : Tomcat initialized with port(s): 8445 (http)
2022-03-12 14:06:57.476  INFO 1934 --- [main] o.apache.catalina.core.StandardService   : Starting service [Tomcat]
2022-03-12 14:06:57.476  INFO 1934 --- [main] org.apache.catalina.core.StandardEngine  : Starting Servlet engine: [Apache Tomcat/9.0.27]
2022-03-12 14:06:58.080  INFO 1934 --- [main] o.a.c.c.C.[Tomcat].[localhost].[/]       : Initializing Spring embedded WebApplicationContext
2022-03-12 14:06:58.081  INFO 1934 --- [main] o.s.web.context.ContextLoader            : Root WebApplicationContext: initialization completed in 6808 ms
2022-03-12 14:06:59.939  INFO 1934 --- [main] c.a.d.s.b.a.DruidDataSourceAutoConfigure : Init DruidDataSource
2022-03-12 14:07:00.347  INFO 1934 --- [main] com.alibaba.druid.pool.DruidDataSource   : {dataSource-1} inited
2022-03-12 14:07:00.618  INFO 1934 --- [main] com.alibaba.nacos.client.naming          : initializer namespace from System Property :null
2022-03-12 14:07:00.619  INFO 1934 --- [main] com.alibaba.nacos.client.naming          : initializer namespace from System Environment :null
2022-03-12 14:07:00.620  INFO 1934 --- [main] com.alibaba.nacos.client.naming          : initializer namespace from System Property :null
2022-03-12 14:07:01.992  WARN 1934 --- [main] c.n.c.sources.URLConfigurationSource     : No URLs will be polled as dynamic configuration sources.
2022-03-12 14:07:01.992  INFO 1934 --- [main] c.n.c.sources.URLConfigurationSource     : To enable URLs as dynamic configuration sources, define System property archaius.configurationSource.additionalUrls or make config.properties available on classpath.
2022-03-12 14:07:02.017  WARN 1934 --- [main] c.n.c.sources.URLConfigurationSource     : No URLs will be polled as dynamic configuration sources.
2022-03-12 14:07:02.017  INFO 1934 --- [main] c.n.c.sources.URLConfigurationSource     : To enable URLs as dynamic configuration sources, define System property archaius.configurationSource.additionalUrls or make config.properties available on classpath.
2022-03-12 14:07:02.566  INFO 1934 --- [main] o.s.s.concurrent.ThreadPoolTaskExecutor  : Initializing ExecutorService 'applicationTaskExecutor'
2022-03-12 14:07:02.800  INFO 1934 --- [main] o.s.s.c.ThreadPoolTaskScheduler          : Initializing ExecutorService
2022-03-12 14:07:02.866  INFO 1934 --- [main] c.a.j.a.AbstractCacheAutoInit            : init cache area default , type= redis
2022-03-12 14:07:02.912  INFO 1934 --- [main] c.a.j.a.AbstractCacheAutoInit            : init cache area default , type= caffeine
2022-03-12 14:07:02.961  INFO 1934 --- [main] c.a.j.s.DefaultCacheMonitorManager       : cache stat period at 15 MINUTES
2022-03-12 14:07:03.979  WARN 1934 --- [main] GatewayClassPathWarningAutoConfiguration : 

**********************************************************

Spring Webflux is missing from the classpath, which is required for Spring Cloud Gateway at this time. Please add spring-boot-starter-webflux dependency.

**********************************************************


2022-03-12 14:07:03.980  WARN 1934 --- [main] GatewayClassPathWarningAutoConfiguration : 

**********************************************************

Spring MVC found on classpath, which is incompatible with Spring Cloud Gateway at this time. Please remove spring-boot-starter-web dependency.

**********************************************************


2022-03-12 14:07:03.990  INFO 1934 --- [main] o.s.b.a.e.web.EndpointLinksResolver      : Exposing 22 endpoint(s) beneath base path '/actuator'
2022-03-12 14:07:04.385  INFO 1934 --- [main] o.s.b.w.embedded.tomcat.TomcatWebServer  : Tomcat started on port(s): 8445 (http) with context path ''
2022-03-12 14:07:04.407  INFO 1934 --- [main] com.alibaba.nacos.client.naming          : [BEAT] adding beat: {"cluster":"DEFAULT","ip":"192.168.11.25","metadata":{"preserved.register.source":"SPRING_CLOUD"},"period":5000,"port":8445,"scheduled":false,"serviceName":"DEFAULT_GROUP@@gateway-admin","stopped":false,"weight":1.0} to beat map.
2022-03-12 14:07:04.539  INFO 1934 --- [main] com.alibaba.nacos.client.naming          : [REGISTER-SERVICE] public registering service DEFAULT_GROUP@@gateway-admin with instance: {"clusterName":"DEFAULT","enabled":true,"ephemeral":true,"healthy":true,"instanceHeartBeatInterval":5000,"instanceHeartBeatTimeOut":15000,"ip":"192.168.11.25","ipDeleteTimeout":30000,"metadata":{"preserved.register.source":"SPRING_CLOUD"},"port":8445,"weight":1.0}
2022-03-12 14:07:04.562  INFO 1934 --- [main] c.a.c.n.registry.NacosServiceRegistry    : nacos registry, gateway-admin 192.168.11.25:8445 register finished
2022-03-12 14:07:04.566  INFO 1934 --- [main] c.s.gateway.GatewayAdminApplication      : Started GatewayAdminApplication in 20.837 seconds (JVM running for 23.646)
2022-03-12 14:07:04.581  INFO 1934 --- [main] c.a.n.client.config.impl.ClientWorker    : [fixed-127.0.0.1_8848] [subscribe] gateway-admin.yml+DEFAULT_GROUP
2022-03-12 14:07:04.581  INFO 1934 --- [main] c.a.nacos.client.config.impl.CacheData   : [fixed-127.0.0.1_8848] [add-listener] ok, tenant=, dataId=gateway-admin.yml, group=DEFAULT_GROUP, cnt=1
2022-03-12 14:07:05.007  INFO 1934 --- [RMI TCP Connection(5)-127.0.0.1] o.a.c.c.C.[Tomcat].[localhost].[/]       : Initializing Spring DispatcherServlet 'dispatcherServlet'
2022-03-12 14:07:05.008  INFO 1934 --- [RMI TCP Connection(5)-127.0.0.1] o.s.web.servlet.DispatcherServlet        : Initializing Servlet 'dispatcherServlet'
2022-03-12 14:07:05.072  INFO 1934 --- [RMI TCP Connection(5)-127.0.0.1] o.s.web.servlet.DispatcherServlet        : Completed initialization in 64 ms
2022-03-12 14:07:06.154  INFO 1934 --- [parallel-1] io.lettuce.core.EpollProvider            : Starting without optional epoll library
2022-03-12 14:07:06.177  INFO 1934 --- [parallel-1] io.lettuce.core.KqueueProvider           : Starting without optional kqueue library
2022-03-12 14:15:00.082  INFO 1934 --- [JetCacheDefaultExecutor] c.alicp.jetcache.support.StatInfoLogger  : jetcache stat from 2022-03-12 14:07:02,929 to 2022-03-12 14:15:00,074
cache|       qps|   rate|           get|           hit|          fail|        expire|avgLoadTime|maxLoadTime
-----+----------+-------+--------------+--------------+--------------+--------------+-----------+-----------
-----+----------+-------+--------------+--------------+--------------+--------------+-----------+-----------

2022-03-12 14:30:00.008  INFO 1934 --- [JetCacheDefaultExecutor] c.alicp.jetcache.support.StatInfoLogger  : jetcache stat from 2022-03-12 14:15:00,074 to 2022-03-12 14:30:00,007
cache|       qps|   rate|           get|           hit|          fail|        expire|avgLoadTime|maxLoadTime
-----+----------+-------+--------------+--------------+--------------+--------------+-----------+-----------
-----+----------+-------+--------------+--------------+--------------+--------------+-----------+-----------

2022-03-12 14:45:00.100  INFO 1934 --- [JetCacheDefaultExecutor] c.alicp.jetcache.support.StatInfoLogger  : jetcache stat from 2022-03-12 14:30:00,007 to 2022-03-12 14:45:00,099
cache|       qps|   rate|           get|           hit|          fail|        expire|avgLoadTime|maxLoadTime
-----+----------+-------+--------------+--------------+--------------+--------------+-----------+-----------
-----+----------+-------+--------------+--------------+--------------+--------------+-----------+-----------

2022-03-12 15:00:00.111  INFO 1934 --- [JetCacheDefaultExecutor] c.alicp.jetcache.support.StatInfoLogger  : jetcache stat from 2022-03-12 14:45:00,099 to 2022-03-12 15:00:00,109
cache|       qps|   rate|           get|           hit|          fail|        expire|avgLoadTime|maxLoadTime
-----+----------+-------+--------------+--------------+--------------+--------------+-----------+-----------
-----+----------+-------+--------------+--------------+--------------+--------------+-----------+-----------

2022-03-12 15:04:45.741  INFO 1934 --- [Thread-57] c.a.j.s.DefaultCacheMonitorManager       : cache stat canceled
2022-03-12 15:04:45.776  INFO 1934 --- [Thread-57] c.a.c.n.registry.NacosServiceRegistry    : De-registering from Nacos Server now...
2022-03-12 15:04:45.777  INFO 1934 --- [Thread-57] com.alibaba.nacos.client.naming          : [BEAT] removing beat: DEFAULT_GROUP@@gateway-admin:192.168.11.25:8445 from beat map.
2022-03-12 15:04:45.778  INFO 1934 --- [Thread-57] com.alibaba.nacos.client.naming          : [DEREGISTER-SERVICE] public deregistering service DEFAULT_GROUP@@gateway-admin with instance: {"clusterName":"DEFAULT","enabled":true,"ephemeral":true,"healthy":true,"instanceHeartBeatInterval":5000,"instanceHeartBeatTimeOut":15000,"ip":"192.168.11.25","ipDeleteTimeout":30000,"metadata":{},"port":8445,"weight":1.0}
2022-03-12 15:04:45.786  INFO 1934 --- [Thread-57] c.a.c.n.registry.NacosServiceRegistry    : De-registration finished.
2022-03-12 15:04:45.792  INFO 1934 --- [Thread-57] o.s.s.concurrent.ThreadPoolTaskExecutor  : Shutting down ExecutorService 'applicationTaskExecutor'
2022-03-12 15:04:45.884  INFO 1934 --- [Thread-57] com.alibaba.druid.pool.DruidDataSource   : {dataSource-1} closed
2022-03-12 15:05:01.275  INFO 2440 --- [main] b.c.PropertySourceBootstrapConfiguration : Located property source: CompositePropertySource {name='NACOS', propertySources=[NacosPropertySource {name='gateway-admin.yml'}]}
2022-03-12 15:05:01.348  INFO 2440 --- [main] c.s.gateway.GatewayAdminApplication      : No active profile set, falling back to default profiles: default
2022-03-12 15:05:02.504  WARN 2440 --- [main] o.s.boot.actuate.endpoint.EndpointId     : Endpoint ID 'nacos-config' contains invalid characters, please migrate to a valid format.
2022-03-12 15:05:02.507  WARN 2440 --- [main] o.s.boot.actuate.endpoint.EndpointId     : Endpoint ID 'nacos-discovery' contains invalid characters, please migrate to a valid format.
2022-03-12 15:05:02.853  INFO 2440 --- [main] .s.d.r.c.RepositoryConfigurationDelegate : Multiple Spring Data modules found, entering strict repository configuration mode!
2022-03-12 15:05:02.856  INFO 2440 --- [main] .s.d.r.c.RepositoryConfigurationDelegate : Bootstrapping Spring Data repositories in DEFAULT mode.
2022-03-12 15:05:02.896  INFO 2440 --- [main] .s.d.r.c.RepositoryConfigurationDelegate : Finished Spring Data repository scanning in 29ms. Found 0 repository interfaces.
2022-03-12 15:05:03.030  WARN 2440 --- [main] o.s.boot.actuate.endpoint.EndpointId     : Endpoint ID 'service-registry' contains invalid characters, please migrate to a valid format.
2022-03-12 15:05:03.301  INFO 2440 --- [main] o.s.cloud.context.scope.GenericScope     : BeanFactory id=7313e584-8362-34e5-bce2-90a9c21d82bf
2022-03-12 15:05:03.407  INFO 2440 --- [main] trationDelegate$BeanPostProcessorChecker : Bean 'com.alicp.jetcache.anno.config.JetCacheProxyConfiguration' of type [com.alicp.jetcache.anno.config.JetCacheProxyConfiguration$$EnhancerBySpringCGLIB$$6274d0e7] is not eligible for getting processed by all BeanPostProcessors (for example: not eligible for auto-proxying)
2022-03-12 15:05:03.447  INFO 2440 --- [main] trationDelegate$BeanPostProcessorChecker : Bean 'org.springframework.transaction.annotation.ProxyTransactionManagementConfiguration' of type [org.springframework.transaction.annotation.ProxyTransactionManagementConfiguration$$EnhancerBySpringCGLIB$$560d0dd0] is not eligible for getting processed by all BeanPostProcessors (for example: not eligible for auto-proxying)
2022-03-12 15:05:03.543  INFO 2440 --- [main] trationDelegate$BeanPostProcessorChecker : Bean 'com.alicp.jetcache.anno.config.CommonConfiguration' of type [com.alicp.jetcache.anno.config.CommonConfiguration$$EnhancerBySpringCGLIB$$e17b165f] is not eligible for getting processed by all BeanPostProcessors (for example: not eligible for auto-proxying)
2022-03-12 15:05:03.556  INFO 2440 --- [main] trationDelegate$BeanPostProcessorChecker : Bean 'org.springframework.cloud.autoconfigure.ConfigurationPropertiesRebinderAutoConfiguration' of type [org.springframework.cloud.autoconfigure.ConfigurationPropertiesRebinderAutoConfiguration$$EnhancerBySpringCGLIB$$722710cd] is not eligible for getting processed by all BeanPostProcessors (for example: not eligible for auto-proxying)
2022-03-12 15:05:03.973  INFO 2440 --- [main] o.s.b.w.embedded.tomcat.TomcatWebServer  : Tomcat initialized with port(s): 8445 (http)
2022-03-12 15:05:04.000  INFO 2440 --- [main] o.apache.catalina.core.StandardService   : Starting service [Tomcat]
2022-03-12 15:05:04.000  INFO 2440 --- [main] org.apache.catalina.core.StandardEngine  : Starting Servlet engine: [Apache Tomcat/9.0.27]
2022-03-12 15:05:04.293  INFO 2440 --- [main] o.a.c.c.C.[Tomcat].[localhost].[/]       : Initializing Spring embedded WebApplicationContext
2022-03-12 15:05:04.514  INFO 2440 --- [main] o.s.web.context.ContextLoader            : Root WebApplicationContext: initialization completed in 3136 ms
2022-03-12 15:05:05.269  INFO 2440 --- [main] c.a.d.s.b.a.DruidDataSourceAutoConfigure : Init DruidDataSource
2022-03-12 15:05:05.500  INFO 2440 --- [main] com.alibaba.druid.pool.DruidDataSource   : {dataSource-1} inited
2022-03-12 15:05:05.787  INFO 2440 --- [main] com.alibaba.nacos.client.naming          : initializer namespace from System Property :null
2022-03-12 15:05:05.788  INFO 2440 --- [main] com.alibaba.nacos.client.naming          : initializer namespace from System Environment :null
2022-03-12 15:05:05.788  INFO 2440 --- [main] com.alibaba.nacos.client.naming          : initializer namespace from System Property :null
2022-03-12 15:05:06.884  INFO 2440 --- [main] c.a.j.a.AbstractCacheAutoInit            : init cache area default , type= redis
2022-03-12 15:05:06.903  INFO 2440 --- [main] c.a.j.a.AbstractCacheAutoInit            : init cache area default , type= caffeine
2022-03-12 15:05:06.925  INFO 2440 --- [main] c.a.j.s.DefaultCacheMonitorManager       : cache stat period at 15 MINUTES
2022-03-12 15:05:07.666  INFO 2440 --- [main] c.s.g.s.impl.GatewayRouteServiceImpl     : 全部网关初始化完毕
2022-03-12 15:05:07.714  WARN 2440 --- [main] c.n.c.sources.URLConfigurationSource     : No URLs will be polled as dynamic configuration sources.
2022-03-12 15:05:07.714  INFO 2440 --- [main] c.n.c.sources.URLConfigurationSource     : To enable URLs as dynamic configuration sources, define System property archaius.configurationSource.additionalUrls or make config.properties available on classpath.
2022-03-12 15:05:07.719  WARN 2440 --- [main] c.n.c.sources.URLConfigurationSource     : No URLs will be polled as dynamic configuration sources.
2022-03-12 15:05:07.720  INFO 2440 --- [main] c.n.c.sources.URLConfigurationSource     : To enable URLs as dynamic configuration sources, define System property archaius.configurationSource.additionalUrls or make config.properties available on classpath.
2022-03-12 15:05:08.015  INFO 2440 --- [main] o.s.s.concurrent.ThreadPoolTaskExecutor  : Initializing ExecutorService 'applicationTaskExecutor'
2022-03-12 15:05:08.219  INFO 2440 --- [main] o.s.s.c.ThreadPoolTaskScheduler          : Initializing ExecutorService
2022-03-12 15:05:08.907  WARN 2440 --- [main] GatewayClassPathWarningAutoConfiguration : 

**********************************************************

Spring Webflux is missing from the classpath, which is required for Spring Cloud Gateway at this time. Please add spring-boot-starter-webflux dependency.

**********************************************************


2022-03-12 15:05:08.907  WARN 2440 --- [main] GatewayClassPathWarningAutoConfiguration : 

**********************************************************

Spring MVC found on classpath, which is incompatible with Spring Cloud Gateway at this time. Please remove spring-boot-starter-web dependency.

**********************************************************


2022-03-12 15:05:08.918  INFO 2440 --- [main] o.s.b.a.e.web.EndpointLinksResolver      : Exposing 22 endpoint(s) beneath base path '/actuator'
2022-03-12 15:05:09.099  INFO 2440 --- [main] o.s.b.w.embedded.tomcat.TomcatWebServer  : Tomcat started on port(s): 8445 (http) with context path ''
2022-03-12 15:05:09.107  INFO 2440 --- [main] com.alibaba.nacos.client.naming          : [BEAT] adding beat: {"cluster":"DEFAULT","ip":"192.168.11.25","metadata":{"preserved.register.source":"SPRING_CLOUD"},"period":5000,"port":8445,"scheduled":false,"serviceName":"DEFAULT_GROUP@@gateway-admin","stopped":false,"weight":1.0} to beat map.
2022-03-12 15:05:09.471  INFO 2440 --- [main] com.alibaba.nacos.client.naming          : [REGISTER-SERVICE] public registering service DEFAULT_GROUP@@gateway-admin with instance: {"clusterName":"DEFAULT","enabled":true,"ephemeral":true,"healthy":true,"instanceHeartBeatInterval":5000,"instanceHeartBeatTimeOut":15000,"ip":"192.168.11.25","ipDeleteTimeout":30000,"metadata":{"preserved.register.source":"SPRING_CLOUD"},"port":8445,"weight":1.0}
2022-03-12 15:05:09.486  INFO 2440 --- [main] c.a.c.n.registry.NacosServiceRegistry    : nacos registry, gateway-admin 192.168.11.25:8445 register finished
2022-03-12 15:05:09.490  INFO 2440 --- [main] c.s.gateway.GatewayAdminApplication      : Started GatewayAdminApplication in 10.742 seconds (JVM running for 12.414)
2022-03-12 15:05:09.504  INFO 2440 --- [main] c.a.n.client.config.impl.ClientWorker    : [fixed-127.0.0.1_8848] [subscribe] gateway-admin.yml+DEFAULT_GROUP
2022-03-12 15:05:09.504  INFO 2440 --- [main] c.a.nacos.client.config.impl.CacheData   : [fixed-127.0.0.1_8848] [add-listener] ok, tenant=, dataId=gateway-admin.yml, group=DEFAULT_GROUP, cnt=1
2022-03-12 15:05:10.023  INFO 2440 --- [RMI TCP Connection(3)-127.0.0.1] o.a.c.c.C.[Tomcat].[localhost].[/]       : Initializing Spring DispatcherServlet 'dispatcherServlet'
2022-03-12 15:05:10.023  INFO 2440 --- [RMI TCP Connection(3)-127.0.0.1] o.s.web.servlet.DispatcherServlet        : Initializing Servlet 'dispatcherServlet'
2022-03-12 15:05:10.038  INFO 2440 --- [RMI TCP Connection(3)-127.0.0.1] o.s.web.servlet.DispatcherServlet        : Completed initialization in 15 ms
2022-03-12 15:05:10.275  INFO 2440 --- [parallel-1] io.lettuce.core.EpollProvider            : Starting without optional epoll library
2022-03-12 15:05:10.276  INFO 2440 --- [parallel-1] io.lettuce.core.KqueueProvider           : Starting without optional kqueue library
2022-03-12 15:08:50.389  INFO 2440 --- [http-nio-8445-exec-5] c.s.n.c.web.handler.PoMetaObjectHandler  : time1 : Sat Mar 12 15:08:50 CST 2022
2022-03-12 15:08:50.413  INFO 2440 --- [http-nio-8445-exec-5] c.s.n.c.web.handler.PoMetaObjectHandler  : time2 : Sat Mar 12 15:08:50 CST 2022
2022-03-12 15:10:03.304  INFO 2440 --- [http-nio-8445-exec-9] c.s.n.c.web.handler.PoMetaObjectHandler  : time1 : Sat Mar 12 15:10:03 CST 2022
2022-03-12 15:10:03.338  INFO 2440 --- [http-nio-8445-exec-9] c.s.n.c.web.handler.PoMetaObjectHandler  : time2 : Sat Mar 12 15:10:03 CST 2022
2022-03-12 15:12:03.685 ERROR 2440 --- [http-nio-8445-exec-5] c.s.g.exception.GlobalExceptionHandler   : exception: null
2022-03-12 15:15:00.095  INFO 2440 --- [JetCacheDefaultExecutor] c.alicp.jetcache.support.StatInfoLogger  : jetcache stat from 2022-03-12 15:05:06,917 to 2022-03-12 15:15:00,029
cache        |       qps|   rate|           get|           hit|          fail|        expire|avgLoadTime|maxLoadTime
-------------+----------+-------+--------------+--------------+--------------+--------------+-----------+-----------
GATEWAYROUT::|      0.00|  0.00%|             0|             0|             0|             0|        0.0|          0
-------------+----------+-------+--------------+--------------+--------------+--------------+-----------+-----------

2022-03-12 15:17:12.812  INFO 2440 --- [http-nio-8445-exec-9] c.s.g.s.impl.GatewayRouteServiceImpl     : 全部网关初始化完毕
2022-03-12 15:17:29.593  INFO 2440 --- [Thread-31] c.a.c.n.registry.NacosServiceRegistry    : De-registering from Nacos Server now...
2022-03-12 15:17:29.594  INFO 2440 --- [Thread-31] com.alibaba.nacos.client.naming          : [BEAT] removing beat: DEFAULT_GROUP@@gateway-admin:192.168.11.25:8445 from beat map.
2022-03-12 15:17:29.595  INFO 2440 --- [Thread-31] com.alibaba.nacos.client.naming          : [DEREGISTER-SERVICE] public deregistering service DEFAULT_GROUP@@gateway-admin with instance: {"clusterName":"DEFAULT","enabled":true,"ephemeral":true,"healthy":true,"instanceHeartBeatInterval":5000,"instanceHeartBeatTimeOut":15000,"ip":"192.168.11.25","ipDeleteTimeout":30000,"metadata":{},"port":8445,"weight":1.0}
2022-03-12 15:17:29.599  INFO 2440 --- [Thread-31] c.a.c.n.registry.NacosServiceRegistry    : De-registration finished.
2022-03-12 15:17:29.603  INFO 2440 --- [Thread-31] o.s.s.concurrent.ThreadPoolTaskExecutor  : Shutting down ExecutorService 'applicationTaskExecutor'
2022-03-12 15:17:29.610  INFO 2440 --- [Thread-31] c.a.j.s.DefaultCacheMonitorManager       : cache stat canceled
2022-03-12 15:17:29.622  INFO 2440 --- [Thread-31] com.alibaba.druid.pool.DruidDataSource   : {dataSource-1} closed
2022-03-12 15:17:42.708  INFO 2544 --- [main] b.c.PropertySourceBootstrapConfiguration : Located property source: CompositePropertySource {name='NACOS', propertySources=[NacosPropertySource {name='gateway-admin.yml'}]}
2022-03-12 15:17:42.792  INFO 2544 --- [main] c.s.gateway.GatewayAdminApplication      : No active profile set, falling back to default profiles: default
2022-03-12 15:17:44.555  WARN 2544 --- [main] o.s.boot.actuate.endpoint.EndpointId     : Endpoint ID 'nacos-config' contains invalid characters, please migrate to a valid format.
2022-03-12 15:17:44.558  WARN 2544 --- [main] o.s.boot.actuate.endpoint.EndpointId     : Endpoint ID 'nacos-discovery' contains invalid characters, please migrate to a valid format.
2022-03-12 15:17:44.836  INFO 2544 --- [main] .s.d.r.c.RepositoryConfigurationDelegate : Multiple Spring Data modules found, entering strict repository configuration mode!
2022-03-12 15:17:44.839  INFO 2544 --- [main] .s.d.r.c.RepositoryConfigurationDelegate : Bootstrapping Spring Data repositories in DEFAULT mode.
2022-03-12 15:17:44.865  INFO 2544 --- [main] .s.d.r.c.RepositoryConfigurationDelegate : Finished Spring Data repository scanning in 13ms. Found 0 repository interfaces.
2022-03-12 15:17:44.936  WARN 2544 --- [main] o.s.boot.actuate.endpoint.EndpointId     : Endpoint ID 'service-registry' contains invalid characters, please migrate to a valid format.
2022-03-12 15:17:45.184  INFO 2544 --- [main] o.s.cloud.context.scope.GenericScope     : BeanFactory id=7313e584-8362-34e5-bce2-90a9c21d82bf
2022-03-12 15:17:45.268  INFO 2544 --- [main] trationDelegate$BeanPostProcessorChecker : Bean 'com.alicp.jetcache.anno.config.JetCacheProxyConfiguration' of type [com.alicp.jetcache.anno.config.JetCacheProxyConfiguration$$EnhancerBySpringCGLIB$$21881afd] is not eligible for getting processed by all BeanPostProcessors (for example: not eligible for auto-proxying)
2022-03-12 15:17:45.278  INFO 2544 --- [main] trationDelegate$BeanPostProcessorChecker : Bean 'org.springframework.transaction.annotation.ProxyTransactionManagementConfiguration' of type [org.springframework.transaction.annotation.ProxyTransactionManagementConfiguration$$EnhancerBySpringCGLIB$$152057e6] is not eligible for getting processed by all BeanPostProcessors (for example: not eligible for auto-proxying)
2022-03-12 15:17:45.298  INFO 2544 --- [main] trationDelegate$BeanPostProcessorChecker : Bean 'com.alicp.jetcache.anno.config.CommonConfiguration' of type [com.alicp.jetcache.anno.config.CommonConfiguration$$EnhancerBySpringCGLIB$$a08e6075] is not eligible for getting processed by all BeanPostProcessors (for example: not eligible for auto-proxying)
2022-03-12 15:17:45.308  INFO 2544 --- [main] trationDelegate$BeanPostProcessorChecker : Bean 'org.springframework.cloud.autoconfigure.ConfigurationPropertiesRebinderAutoConfiguration' of type [org.springframework.cloud.autoconfigure.ConfigurationPropertiesRebinderAutoConfiguration$$EnhancerBySpringCGLIB$$313a5ae3] is not eligible for getting processed by all BeanPostProcessors (for example: not eligible for auto-proxying)
2022-03-12 15:17:45.663  INFO 2544 --- [main] o.s.b.w.embedded.tomcat.TomcatWebServer  : Tomcat initialized with port(s): 8445 (http)
2022-03-12 15:17:45.686  INFO 2544 --- [main] o.apache.catalina.core.StandardService   : Starting service [Tomcat]
2022-03-12 15:17:45.687  INFO 2544 --- [main] org.apache.catalina.core.StandardEngine  : Starting Servlet engine: [Apache Tomcat/9.0.27]
2022-03-12 15:17:45.835  INFO 2544 --- [main] o.a.c.c.C.[Tomcat].[localhost].[/]       : Initializing Spring embedded WebApplicationContext
2022-03-12 15:17:45.835  INFO 2544 --- [main] o.s.web.context.ContextLoader            : Root WebApplicationContext: initialization completed in 2863 ms
2022-03-12 15:17:46.404  INFO 2544 --- [main] c.a.d.s.b.a.DruidDataSourceAutoConfigure : Init DruidDataSource
2022-03-12 15:17:46.642  INFO 2544 --- [main] com.alibaba.druid.pool.DruidDataSource   : {dataSource-1} inited
2022-03-12 15:17:47.073  INFO 2544 --- [main] com.alibaba.nacos.client.naming          : initializer namespace from System Property :null
2022-03-12 15:17:47.074  INFO 2544 --- [main] com.alibaba.nacos.client.naming          : initializer namespace from System Environment :null
2022-03-12 15:17:47.075  INFO 2544 --- [main] com.alibaba.nacos.client.naming          : initializer namespace from System Property :null
2022-03-12 15:17:48.187  INFO 2544 --- [main] c.a.j.a.AbstractCacheAutoInit            : init cache area default , type= redis
2022-03-12 15:17:48.208  INFO 2544 --- [main] c.a.j.a.AbstractCacheAutoInit            : init cache area default , type= caffeine
2022-03-12 15:17:48.228  INFO 2544 --- [main] c.a.j.s.DefaultCacheMonitorManager       : cache stat period at 15 MINUTES
2022-03-12 15:17:48.306  INFO 2544 --- [main] c.s.g.s.impl.GatewayRouteServiceImpl     : 全部网关初始化完毕
2022-03-12 15:17:48.349  WARN 2544 --- [main] c.n.c.sources.URLConfigurationSource     : No URLs will be polled as dynamic configuration sources.
2022-03-12 15:17:48.349  INFO 2544 --- [main] c.n.c.sources.URLConfigurationSource     : To enable URLs as dynamic configuration sources, define System property archaius.configurationSource.additionalUrls or make config.properties available on classpath.
2022-03-12 15:17:48.353  WARN 2544 --- [main] c.n.c.sources.URLConfigurationSource     : No URLs will be polled as dynamic configuration sources.
2022-03-12 15:17:48.353  INFO 2544 --- [main] c.n.c.sources.URLConfigurationSource     : To enable URLs as dynamic configuration sources, define System property archaius.configurationSource.additionalUrls or make config.properties available on classpath.
2022-03-12 15:17:48.647  INFO 2544 --- [main] o.s.s.concurrent.ThreadPoolTaskExecutor  : Initializing ExecutorService 'applicationTaskExecutor'
2022-03-12 15:17:48.948  INFO 2544 --- [main] o.s.s.c.ThreadPoolTaskScheduler          : Initializing ExecutorService
2022-03-12 15:17:49.574  WARN 2544 --- [main] GatewayClassPathWarningAutoConfiguration : 

**********************************************************

Spring Webflux is missing from the classpath, which is required for Spring Cloud Gateway at this time. Please add spring-boot-starter-webflux dependency.

**********************************************************


2022-03-12 15:17:49.575  WARN 2544 --- [main] GatewayClassPathWarningAutoConfiguration : 

**********************************************************

Spring MVC found on classpath, which is incompatible with Spring Cloud Gateway at this time. Please remove spring-boot-starter-web dependency.

**********************************************************


2022-03-12 15:17:49.596  INFO 2544 --- [main] o.s.b.a.e.web.EndpointLinksResolver      : Exposing 22 endpoint(s) beneath base path '/actuator'
2022-03-12 15:17:49.916  INFO 2544 --- [main] o.s.b.w.embedded.tomcat.TomcatWebServer  : Tomcat started on port(s): 8445 (http) with context path ''
2022-03-12 15:17:49.944  INFO 2544 --- [main] com.alibaba.nacos.client.naming          : [BEAT] adding beat: {"cluster":"DEFAULT","ip":"192.168.11.25","metadata":{"preserved.register.source":"SPRING_CLOUD"},"period":5000,"port":8445,"scheduled":false,"serviceName":"DEFAULT_GROUP@@gateway-admin","stopped":false,"weight":1.0} to beat map.
2022-03-12 15:17:50.297  INFO 2544 --- [main] com.alibaba.nacos.client.naming          : [REGISTER-SERVICE] public registering service DEFAULT_GROUP@@gateway-admin with instance: {"clusterName":"DEFAULT","enabled":true,"ephemeral":true,"healthy":true,"instanceHeartBeatInterval":5000,"instanceHeartBeatTimeOut":15000,"ip":"192.168.11.25","ipDeleteTimeout":30000,"metadata":{"preserved.register.source":"SPRING_CLOUD"},"port":8445,"weight":1.0}
2022-03-12 15:17:50.317  INFO 2544 --- [main] c.a.c.n.registry.NacosServiceRegistry    : nacos registry, gateway-admin 192.168.11.25:8445 register finished
2022-03-12 15:17:50.322  INFO 2544 --- [main] c.s.gateway.GatewayAdminApplication      : Started GatewayAdminApplication in 9.308 seconds (JVM running for 10.747)
2022-03-12 15:17:50.337  INFO 2544 --- [main] c.a.n.client.config.impl.ClientWorker    : [fixed-127.0.0.1_8848] [subscribe] gateway-admin.yml+DEFAULT_GROUP
2022-03-12 15:17:50.338  INFO 2544 --- [main] c.a.nacos.client.config.impl.CacheData   : [fixed-127.0.0.1_8848] [add-listener] ok, tenant=, dataId=gateway-admin.yml, group=DEFAULT_GROUP, cnt=1
2022-03-12 15:17:50.453  INFO 2544 --- [RMI TCP Connection(3)-127.0.0.1] o.a.c.c.C.[Tomcat].[localhost].[/]       : Initializing Spring DispatcherServlet 'dispatcherServlet'
2022-03-12 15:17:50.454  INFO 2544 --- [RMI TCP Connection(3)-127.0.0.1] o.s.web.servlet.DispatcherServlet        : Initializing Servlet 'dispatcherServlet'
2022-03-12 15:17:50.472  INFO 2544 --- [RMI TCP Connection(3)-127.0.0.1] o.s.web.servlet.DispatcherServlet        : Completed initialization in 18 ms
2022-03-12 15:17:50.687  INFO 2544 --- [parallel-1] io.lettuce.core.EpollProvider            : Starting without optional epoll library
2022-03-12 15:17:50.688  INFO 2544 --- [parallel-1] io.lettuce.core.KqueueProvider           : Starting without optional kqueue library
